[14-Nov-2017 18:08:06 UTC] PHP Warning:  mysqli_connect(): (HY000/2002): Can't connect to local MySQL server through socket '/var/lib/mysql/mysql.sock' (2 &quot;No such file or directory&quot;) in /home/u695383935/public_html/yp/init.php on line 7
[14-Nov-2017 18:13:13 UTC] PHP Warning:  mysqli_connect(): (HY000/2005): Unknown MySQL server host 'http://ypoutlet.esy.es' (-2) in /home/u695383935/public_html/yp/init.php on line 7
[14-Nov-2017 18:15:30 UTC] PHP Warning:  mysqli_connect(): (HY000/2005): Unknown MySQL server host 'u695383935_yp' (-5) in /home/u695383935/public_html/yp/init.php on line 7
[14-Nov-2017 18:17:38 UTC] PHP Warning:  mysqli_connect(): (HY000/2003): Can't connect to MySQL server on 'server107.hostinger.in' (111 &quot;Connection refused&quot;) in /home/u695383935/public_html/yp/init.php on line 7
[14-Nov-2017 18:21:51 UTC] PHP Warning:  mysqli_connect(): (42000/1044): Access denied for user 'u695383935_root'@'10.1.2.57' to database 'yp' in /home/u695383935/public_html/yp/init.php on line 7
[14-Nov-2017 18:25:40 UTC] PHP Warning:  mysqli_connect(): (42000/1044): Access denied for user 'u695383935_root'@'10.1.2.57' to database 'yp' in /home/u695383935/public_html/yp/init.php on line 7
[14-Nov-2017 18:29:30 UTC] PHP Warning:  mysqli_connect(): (28000/1045): Access denied for user 'u695383935_root'@'10.1.2.57' (using password: YES) in /home/u695383935/public_html/yp/init.php on line 7
[14-Nov-2017 18:31:03 UTC] PHP Warning:  mysqli_connect(): (42000/1044): Access denied for user 'u695383935_root'@'10.1.2.57' to database 'yp' in /home/u695383935/public_html/yp/init.php on line 7
[14-Nov-2017 18:46:50 UTC] PHP Deprecated:  mysql_real_escape_string(): The mysql extension is deprecated and will be removed in the future: use mysqli or PDO instead in /home/u695383935/public_html/yp/addtocart.php on line 14
[14-Nov-2017 18:46:50 UTC] PHP Warning:  mysql_real_escape_string(): Can't connect to local MySQL server through socket '/var/lib/mysql/mysql.sock' (2 &quot;No such file or directory&quot;) in /home/u695383935/public_html/yp/addtocart.php on line 14
[14-Nov-2017 18:46:50 UTC] PHP Warning:  mysql_real_escape_string(): A link to the server could not be established in /home/u695383935/public_html/yp/addtocart.php on line 14
[14-Nov-2017 18:47:32 UTC] PHP Deprecated:  mysql_real_escape_string(): The mysql extension is deprecated and will be removed in the future: use mysqli or PDO instead in /home/u695383935/public_html/yp/addtocart.php on line 14
[14-Nov-2017 18:47:32 UTC] PHP Warning:  mysql_real_escape_string(): Can't connect to local MySQL server through socket '/var/lib/mysql/mysql.sock' (2 &quot;No such file or directory&quot;) in /home/u695383935/public_html/yp/addtocart.php on line 14
[14-Nov-2017 18:47:32 UTC] PHP Warning:  mysql_real_escape_string(): A link to the server could not be established in /home/u695383935/public_html/yp/addtocart.php on line 14
[14-Nov-2017 18:48:45 UTC] PHP Deprecated:  mysql_real_escape_string(): The mysql extension is deprecated and will be removed in the future: use mysqli or PDO instead in /home/u695383935/public_html/yp/addtocart.php on line 14
[14-Nov-2017 18:48:45 UTC] PHP Warning:  mysql_real_escape_string(): Can't connect to local MySQL server through socket '/var/lib/mysql/mysql.sock' (2 &quot;No such file or directory&quot;) in /home/u695383935/public_html/yp/addtocart.php on line 14
[14-Nov-2017 18:48:45 UTC] PHP Warning:  mysql_real_escape_string(): A link to the server could not be established in /home/u695383935/public_html/yp/addtocart.php on line 14
[14-Nov-2017 18:49:12 UTC] PHP Deprecated:  mysql_real_escape_string(): The mysql extension is deprecated and will be removed in the future: use mysqli or PDO instead in /home/u695383935/public_html/yp/placeorder.php on line 33
[14-Nov-2017 18:49:12 UTC] PHP Warning:  mysql_real_escape_string(): Can't connect to local MySQL server through socket '/var/lib/mysql/mysql.sock' (2 &quot;No such file or directory&quot;) in /home/u695383935/public_html/yp/placeorder.php on line 33
[14-Nov-2017 18:49:12 UTC] PHP Warning:  mysql_real_escape_string(): A link to the server could not be established in /home/u695383935/public_html/yp/placeorder.php on line 33
[14-Nov-2017 18:49:12 UTC] PHP Deprecated:  mysql_real_escape_string(): The mysql extension is deprecated and will be removed in the future: use mysqli or PDO instead in /home/u695383935/public_html/yp/placeorder.php on line 34
[14-Nov-2017 18:49:12 UTC] PHP Warning:  mysql_real_escape_string(): Can't connect to local MySQL server through socket '/var/lib/mysql/mysql.sock' (2 &quot;No such file or directory&quot;) in /home/u695383935/public_html/yp/placeorder.php on line 34
[14-Nov-2017 18:49:12 UTC] PHP Warning:  mysql_real_escape_string(): A link to the server could not be established in /home/u695383935/public_html/yp/placeorder.php on line 34
[14-Nov-2017 18:49:12 UTC] PHP Deprecated:  mysql_real_escape_string(): The mysql extension is deprecated and will be removed in the future: use mysqli or PDO instead in /home/u695383935/public_html/yp/placeorder.php on line 36
[14-Nov-2017 18:49:12 UTC] PHP Warning:  mysql_real_escape_string(): Can't connect to local MySQL server through socket '/var/lib/mysql/mysql.sock' (2 &quot;No such file or directory&quot;) in /home/u695383935/public_html/yp/placeorder.php on line 36
[14-Nov-2017 18:49:12 UTC] PHP Warning:  mysql_real_escape_string(): A link to the server could not be established in /home/u695383935/public_html/yp/placeorder.php on line 36
[14-Nov-2017 18:49:12 UTC] PHP Deprecated:  mysql_real_escape_string(): The mysql extension is deprecated and will be removed in the future: use mysqli or PDO instead in /home/u695383935/public_html/yp/placeorder.php on line 37
[14-Nov-2017 18:49:12 UTC] PHP Warning:  mysql_real_escape_string(): Can't connect to local MySQL server through socket '/var/lib/mysql/mysql.sock' (2 &quot;No such file or directory&quot;) in /home/u695383935/public_html/yp/placeorder.php on line 37
[14-Nov-2017 18:49:12 UTC] PHP Warning:  mysql_real_escape_string(): A link to the server could not be established in /home/u695383935/public_html/yp/placeorder.php on line 37
[14-Nov-2017 18:49:12 UTC] PHP Deprecated:  mysql_real_escape_string(): The mysql extension is deprecated and will be removed in the future: use mysqli or PDO instead in /home/u695383935/public_html/yp/placeorder.php on line 38
[14-Nov-2017 18:49:12 UTC] PHP Warning:  mysql_real_escape_string(): Can't connect to local MySQL server through socket '/var/lib/mysql/mysql.sock' (2 &quot;No such file or directory&quot;) in /home/u695383935/public_html/yp/placeorder.php on line 38
[14-Nov-2017 18:49:12 UTC] PHP Warning:  mysql_real_escape_string(): A link to the server could not be established in /home/u695383935/public_html/yp/placeorder.php on line 38
[14-Nov-2017 18:49:12 UTC] PHP Deprecated:  mysql_real_escape_string(): The mysql extension is deprecated and will be removed in the future: use mysqli or PDO instead in /home/u695383935/public_html/yp/placeorder.php on line 46
[14-Nov-2017 18:49:12 UTC] PHP Warning:  mysql_real_escape_string(): Can't connect to local MySQL server through socket '/var/lib/mysql/mysql.sock' (2 &quot;No such file or directory&quot;) in /home/u695383935/public_html/yp/placeorder.php on line 46
[14-Nov-2017 18:49:12 UTC] PHP Warning:  mysql_real_escape_string(): A link to the server could not be established in /home/u695383935/public_html/yp/placeorder.php on line 46
[14-Nov-2017 18:49:14 UTC] PHP Deprecated:  mysql_real_escape_string(): The mysql extension is deprecated and will be removed in the future: use mysqli or PDO instead in /home/u695383935/public_html/yp/placeorder.php on line 33
[14-Nov-2017 18:49:14 UTC] PHP Warning:  mysql_real_escape_string(): Can't connect to local MySQL server through socket '/var/lib/mysql/mysql.sock' (2 &quot;No such file or directory&quot;) in /home/u695383935/public_html/yp/placeorder.php on line 33
[14-Nov-2017 18:49:14 UTC] PHP Warning:  mysql_real_escape_string(): A link to the server could not be established in /home/u695383935/public_html/yp/placeorder.php on line 33
[14-Nov-2017 18:49:14 UTC] PHP Deprecated:  mysql_real_escape_string(): The mysql extension is deprecated and will be removed in the future: use mysqli or PDO instead in /home/u695383935/public_html/yp/placeorder.php on line 34
[14-Nov-2017 18:49:14 UTC] PHP Warning:  mysql_real_escape_string(): Can't connect to local MySQL server through socket '/var/lib/mysql/mysql.sock' (2 &quot;No such file or directory&quot;) in /home/u695383935/public_html/yp/placeorder.php on line 34
[14-Nov-2017 18:49:14 UTC] PHP Warning:  mysql_real_escape_string(): A link to the server could not be established in /home/u695383935/public_html/yp/placeorder.php on line 34
[14-Nov-2017 18:49:14 UTC] PHP Deprecated:  mysql_real_escape_string(): The mysql extension is deprecated and will be removed in the future: use mysqli or PDO instead in /home/u695383935/public_html/yp/placeorder.php on line 36
[14-Nov-2017 18:49:14 UTC] PHP Warning:  mysql_real_escape_string(): Can't connect to local MySQL server through socket '/var/lib/mysql/mysql.sock' (2 &quot;No such file or directory&quot;) in /home/u695383935/public_html/yp/placeorder.php on line 36
[14-Nov-2017 18:49:14 UTC] PHP Warning:  mysql_real_escape_string(): A link to the server could not be established in /home/u695383935/public_html/yp/placeorder.php on line 36
[14-Nov-2017 18:49:14 UTC] PHP Deprecated:  mysql_real_escape_string(): The mysql extension is deprecated and will be removed in the future: use mysqli or PDO instead in /home/u695383935/public_html/yp/placeorder.php on line 37
[14-Nov-2017 18:49:14 UTC] PHP Warning:  mysql_real_escape_string(): Can't connect to local MySQL server through socket '/var/lib/mysql/mysql.sock' (2 &quot;No such file or directory&quot;) in /home/u695383935/public_html/yp/placeorder.php on line 37
[14-Nov-2017 18:49:14 UTC] PHP Warning:  mysql_real_escape_string(): A link to the server could not be established in /home/u695383935/public_html/yp/placeorder.php on line 37
[14-Nov-2017 18:49:14 UTC] PHP Deprecated:  mysql_real_escape_string(): The mysql extension is deprecated and will be removed in the future: use mysqli or PDO instead in /home/u695383935/public_html/yp/placeorder.php on line 38
[14-Nov-2017 18:49:14 UTC] PHP Warning:  mysql_real_escape_string(): Can't connect to local MySQL server through socket '/var/lib/mysql/mysql.sock' (2 &quot;No such file or directory&quot;) in /home/u695383935/public_html/yp/placeorder.php on line 38
[14-Nov-2017 18:49:14 UTC] PHP Warning:  mysql_real_escape_string(): A link to the server could not be established in /home/u695383935/public_html/yp/placeorder.php on line 38
[14-Nov-2017 18:49:14 UTC] PHP Deprecated:  mysql_real_escape_string(): The mysql extension is deprecated and will be removed in the future: use mysqli or PDO instead in /home/u695383935/public_html/yp/placeorder.php on line 46
[14-Nov-2017 18:49:14 UTC] PHP Warning:  mysql_real_escape_string(): Can't connect to local MySQL server through socket '/var/lib/mysql/mysql.sock' (2 &quot;No such file or directory&quot;) in /home/u695383935/public_html/yp/placeorder.php on line 46
[14-Nov-2017 18:49:14 UTC] PHP Warning:  mysql_real_escape_string(): A link to the server could not be established in /home/u695383935/public_html/yp/placeorder.php on line 46
[14-Nov-2017 18:49:15 UTC] PHP Deprecated:  mysql_real_escape_string(): The mysql extension is deprecated and will be removed in the future: use mysqli or PDO instead in /home/u695383935/public_html/yp/placeorder.php on line 33
[14-Nov-2017 18:49:15 UTC] PHP Warning:  mysql_real_escape_string(): Can't connect to local MySQL server through socket '/var/lib/mysql/mysql.sock' (2 &quot;No such file or directory&quot;) in /home/u695383935/public_html/yp/placeorder.php on line 33
[14-Nov-2017 18:49:15 UTC] PHP Warning:  mysql_real_escape_string(): A link to the server could not be established in /home/u695383935/public_html/yp/placeorder.php on line 33
[14-Nov-2017 18:49:15 UTC] PHP Deprecated:  mysql_real_escape_string(): The mysql extension is deprecated and will be removed in the future: use mysqli or PDO instead in /home/u695383935/public_html/yp/placeorder.php on line 34
[14-Nov-2017 18:49:15 UTC] PHP Warning:  mysql_real_escape_string(): Can't connect to local MySQL server through socket '/var/lib/mysql/mysql.sock' (2 &quot;No such file or directory&quot;) in /home/u695383935/public_html/yp/placeorder.php on line 34
[14-Nov-2017 18:49:15 UTC] PHP Warning:  mysql_real_escape_string(): A link to the server could not be established in /home/u695383935/public_html/yp/placeorder.php on line 34
[14-Nov-2017 18:49:15 UTC] PHP Deprecated:  mysql_real_escape_string(): The mysql extension is deprecated and will be removed in the future: use mysqli or PDO instead in /home/u695383935/public_html/yp/placeorder.php on line 36
[14-Nov-2017 18:49:15 UTC] PHP Warning:  mysql_real_escape_string(): Can't connect to local MySQL server through socket '/var/lib/mysql/mysql.sock' (2 &quot;No such file or directory&quot;) in /home/u695383935/public_html/yp/placeorder.php on line 36
[14-Nov-2017 18:49:15 UTC] PHP Warning:  mysql_real_escape_string(): A link to the server could not be established in /home/u695383935/public_html/yp/placeorder.php on line 36
[14-Nov-2017 18:49:15 UTC] PHP Deprecated:  mysql_real_escape_string(): The mysql extension is deprecated and will be removed in the future: use mysqli or PDO instead in /home/u695383935/public_html/yp/placeorder.php on line 37
[14-Nov-2017 18:49:15 UTC] PHP Warning:  mysql_real_escape_string(): Can't connect to local MySQL server through socket '/var/lib/mysql/mysql.sock' (2 &quot;No such file or directory&quot;) in /home/u695383935/public_html/yp/placeorder.php on line 37
[14-Nov-2017 18:49:15 UTC] PHP Warning:  mysql_real_escape_string(): A link to the server could not be established in /home/u695383935/public_html/yp/placeorder.php on line 37
[14-Nov-2017 18:49:15 UTC] PHP Deprecated:  mysql_real_escape_string(): The mysql extension is deprecated and will be removed in the future: use mysqli or PDO instead in /home/u695383935/public_html/yp/placeorder.php on line 38
[14-Nov-2017 18:49:15 UTC] PHP Warning:  mysql_real_escape_string(): Can't connect to local MySQL server through socket '/var/lib/mysql/mysql.sock' (2 &quot;No such file or directory&quot;) in /home/u695383935/public_html/yp/placeorder.php on line 38
[14-Nov-2017 18:49:15 UTC] PHP Warning:  mysql_real_escape_string(): A link to the server could not be established in /home/u695383935/public_html/yp/placeorder.php on line 38
[14-Nov-2017 18:49:15 UTC] PHP Deprecated:  mysql_real_escape_string(): The mysql extension is deprecated and will be removed in the future: use mysqli or PDO instead in /home/u695383935/public_html/yp/placeorder.php on line 46
[14-Nov-2017 18:49:15 UTC] PHP Warning:  mysql_real_escape_string(): Can't connect to local MySQL server through socket '/var/lib/mysql/mysql.sock' (2 &quot;No such file or directory&quot;) in /home/u695383935/public_html/yp/placeorder.php on line 46
[14-Nov-2017 18:49:15 UTC] PHP Warning:  mysql_real_escape_string(): A link to the server could not be established in /home/u695383935/public_html/yp/placeorder.php on line 46
[14-Nov-2017 18:49:31 UTC] PHP Deprecated:  mysql_real_escape_string(): The mysql extension is deprecated and will be removed in the future: use mysqli or PDO instead in /home/u695383935/public_html/yp/addtocart.php on line 14
[14-Nov-2017 18:49:31 UTC] PHP Warning:  mysql_real_escape_string(): Can't connect to local MySQL server through socket '/var/lib/mysql/mysql.sock' (2 &quot;No such file or directory&quot;) in /home/u695383935/public_html/yp/addtocart.php on line 14
[14-Nov-2017 18:49:31 UTC] PHP Warning:  mysql_real_escape_string(): A link to the server could not be established in /home/u695383935/public_html/yp/addtocart.php on line 14
[14-Nov-2017 18:50:10 UTC] PHP Deprecated:  mysql_real_escape_string(): The mysql extension is deprecated and will be removed in the future: use mysqli or PDO instead in /home/u695383935/public_html/yp/addtocart.php on line 14
[14-Nov-2017 18:50:10 UTC] PHP Warning:  mysql_real_escape_string(): Can't connect to local MySQL server through socket '/var/lib/mysql/mysql.sock' (2 &quot;No such file or directory&quot;) in /home/u695383935/public_html/yp/addtocart.php on line 14
[14-Nov-2017 18:50:10 UTC] PHP Warning:  mysql_real_escape_string(): A link to the server could not be established in /home/u695383935/public_html/yp/addtocart.php on line 14
[14-Nov-2017 18:51:35 UTC] PHP Deprecated:  mysql_real_escape_string(): The mysql extension is deprecated and will be removed in the future: use mysqli or PDO instead in /home/u695383935/public_html/yp/addtocart.php on line 14
[14-Nov-2017 18:51:35 UTC] PHP Warning:  mysql_real_escape_string(): Can't connect to local MySQL server through socket '/var/lib/mysql/mysql.sock' (2 &quot;No such file or directory&quot;) in /home/u695383935/public_html/yp/addtocart.php on line 14
[14-Nov-2017 18:51:35 UTC] PHP Warning:  mysql_real_escape_string(): A link to the server could not be established in /home/u695383935/public_html/yp/addtocart.php on line 14
[14-Nov-2017 18:55:42 UTC] PHP Deprecated:  mysql_real_escape_string(): The mysql extension is deprecated and will be removed in the future: use mysqli or PDO instead in /home/u695383935/public_html/yp/addtocart.php on line 14
[14-Nov-2017 18:55:42 UTC] PHP Warning:  mysql_real_escape_string(): Can't connect to local MySQL server through socket '/var/lib/mysql/mysql.sock' (2 &quot;No such file or directory&quot;) in /home/u695383935/public_html/yp/addtocart.php on line 14
[14-Nov-2017 18:55:42 UTC] PHP Warning:  mysql_real_escape_string(): A link to the server could not be established in /home/u695383935/public_html/yp/addtocart.php on line 14
[14-Nov-2017 18:56:07 UTC] PHP Deprecated:  mysql_real_escape_string(): The mysql extension is deprecated and will be removed in the future: use mysqli or PDO instead in /home/u695383935/public_html/yp/placeorder.php on line 33
[14-Nov-2017 18:56:07 UTC] PHP Warning:  mysql_real_escape_string(): Can't connect to local MySQL server through socket '/var/lib/mysql/mysql.sock' (2 &quot;No such file or directory&quot;) in /home/u695383935/public_html/yp/placeorder.php on line 33
[14-Nov-2017 18:56:07 UTC] PHP Warning:  mysql_real_escape_string(): A link to the server could not be established in /home/u695383935/public_html/yp/placeorder.php on line 33
[14-Nov-2017 18:56:07 UTC] PHP Deprecated:  mysql_real_escape_string(): The mysql extension is deprecated and will be removed in the future: use mysqli or PDO instead in /home/u695383935/public_html/yp/placeorder.php on line 34
[14-Nov-2017 18:56:07 UTC] PHP Warning:  mysql_real_escape_string(): Can't connect to local MySQL server through socket '/var/lib/mysql/mysql.sock' (2 &quot;No such file or directory&quot;) in /home/u695383935/public_html/yp/placeorder.php on line 34
[14-Nov-2017 18:56:07 UTC] PHP Warning:  mysql_real_escape_string(): A link to the server could not be established in /home/u695383935/public_html/yp/placeorder.php on line 34
[14-Nov-2017 18:56:07 UTC] PHP Deprecated:  mysql_real_escape_string(): The mysql extension is deprecated and will be removed in the future: use mysqli or PDO instead in /home/u695383935/public_html/yp/placeorder.php on line 36
[14-Nov-2017 18:56:07 UTC] PHP Warning:  mysql_real_escape_string(): Can't connect to local MySQL server through socket '/var/lib/mysql/mysql.sock' (2 &quot;No such file or directory&quot;) in /home/u695383935/public_html/yp/placeorder.php on line 36
[14-Nov-2017 18:56:07 UTC] PHP Warning:  mysql_real_escape_string(): A link to the server could not be established in /home/u695383935/public_html/yp/placeorder.php on line 36
[14-Nov-2017 18:56:07 UTC] PHP Deprecated:  mysql_real_escape_string(): The mysql extension is deprecated and will be removed in the future: use mysqli or PDO instead in /home/u695383935/public_html/yp/placeorder.php on line 37
[14-Nov-2017 18:56:07 UTC] PHP Warning:  mysql_real_escape_string(): Can't connect to local MySQL server through socket '/var/lib/mysql/mysql.sock' (2 &quot;No such file or directory&quot;) in /home/u695383935/public_html/yp/placeorder.php on line 37
[14-Nov-2017 18:56:07 UTC] PHP Warning:  mysql_real_escape_string(): A link to the server could not be established in /home/u695383935/public_html/yp/placeorder.php on line 37
[14-Nov-2017 18:56:07 UTC] PHP Deprecated:  mysql_real_escape_string(): The mysql extension is deprecated and will be removed in the future: use mysqli or PDO instead in /home/u695383935/public_html/yp/placeorder.php on line 38
[14-Nov-2017 18:56:07 UTC] PHP Warning:  mysql_real_escape_string(): Can't connect to local MySQL server through socket '/var/lib/mysql/mysql.sock' (2 &quot;No such file or directory&quot;) in /home/u695383935/public_html/yp/placeorder.php on line 38
[14-Nov-2017 18:56:07 UTC] PHP Warning:  mysql_real_escape_string(): A link to the server could not be established in /home/u695383935/public_html/yp/placeorder.php on line 38
[14-Nov-2017 18:56:07 UTC] PHP Deprecated:  mysql_real_escape_string(): The mysql extension is deprecated and will be removed in the future: use mysqli or PDO instead in /home/u695383935/public_html/yp/placeorder.php on line 46
[14-Nov-2017 18:56:07 UTC] PHP Warning:  mysql_real_escape_string(): Can't connect to local MySQL server through socket '/var/lib/mysql/mysql.sock' (2 &quot;No such file or directory&quot;) in /home/u695383935/public_html/yp/placeorder.php on line 46
[14-Nov-2017 18:56:07 UTC] PHP Warning:  mysql_real_escape_string(): A link to the server could not be established in /home/u695383935/public_html/yp/placeorder.php on line 46
[14-Nov-2017 18:56:07 UTC] PHP Deprecated:  mysql_real_escape_string(): The mysql extension is deprecated and will be removed in the future: use mysqli or PDO instead in /home/u695383935/public_html/yp/placeorder.php on line 46
[14-Nov-2017 18:56:07 UTC] PHP Warning:  mysql_real_escape_string(): Can't connect to local MySQL server through socket '/var/lib/mysql/mysql.sock' (2 &quot;No such file or directory&quot;) in /home/u695383935/public_html/yp/placeorder.php on line 46
[14-Nov-2017 18:56:07 UTC] PHP Warning:  mysql_real_escape_string(): A link to the server could not be established in /home/u695383935/public_html/yp/placeorder.php on line 46
[14-Nov-2017 19:09:26 UTC] PHP Deprecated:  mysql_real_escape_string(): The mysql extension is deprecated and will be removed in the future: use mysqli or PDO instead in /home/u695383935/public_html/yp/placeorder.php on line 46
[14-Nov-2017 19:09:26 UTC] PHP Warning:  mysql_real_escape_string(): Can't connect to local MySQL server through socket '/var/lib/mysql/mysql.sock' (2 &quot;No such file or directory&quot;) in /home/u695383935/public_html/yp/placeorder.php on line 46
[14-Nov-2017 19:09:26 UTC] PHP Warning:  mysql_real_escape_string(): A link to the server could not be established in /home/u695383935/public_html/yp/placeorder.php on line 46
[14-Nov-2017 19:09:26 UTC] PHP Deprecated:  mysql_real_escape_string(): The mysql extension is deprecated and will be removed in the future: use mysqli or PDO instead in /home/u695383935/public_html/yp/placeorder.php on line 46
[14-Nov-2017 19:09:26 UTC] PHP Warning:  mysql_real_escape_string(): Can't connect to local MySQL server through socket '/var/lib/mysql/mysql.sock' (2 &quot;No such file or directory&quot;) in /home/u695383935/public_html/yp/placeorder.php on line 46
[14-Nov-2017 19:09:26 UTC] PHP Warning:  mysql_real_escape_string(): A link to the server could not be established in /home/u695383935/public_html/yp/placeorder.php on line 46
[14-Nov-2017 19:09:26 UTC] PHP Deprecated:  mysql_real_escape_string(): The mysql extension is deprecated and will be removed in the future: use mysqli or PDO instead in /home/u695383935/public_html/yp/placeorder.php on line 46
[14-Nov-2017 19:09:26 UTC] PHP Warning:  mysql_real_escape_string(): Can't connect to local MySQL server through socket '/var/lib/mysql/mysql.sock' (2 &quot;No such file or directory&quot;) in /home/u695383935/public_html/yp/placeorder.php on line 46
[14-Nov-2017 19:09:26 UTC] PHP Warning:  mysql_real_escape_string(): A link to the server could not be established in /home/u695383935/public_html/yp/placeorder.php on line 46
[14-Nov-2017 19:09:26 UTC] PHP Deprecated:  mysql_real_escape_string(): The mysql extension is deprecated and will be removed in the future: use mysqli or PDO instead in /home/u695383935/public_html/yp/placeorder.php on line 46
[14-Nov-2017 19:09:26 UTC] PHP Warning:  mysql_real_escape_string(): Can't connect to local MySQL server through socket '/var/lib/mysql/mysql.sock' (2 &quot;No such file or directory&quot;) in /home/u695383935/public_html/yp/placeorder.php on line 46
[14-Nov-2017 19:09:26 UTC] PHP Warning:  mysql_real_escape_string(): A link to the server could not be established in /home/u695383935/public_html/yp/placeorder.php on line 46
[14-Nov-2017 19:09:29 UTC] PHP Deprecated:  mysql_real_escape_string(): The mysql extension is deprecated and will be removed in the future: use mysqli or PDO instead in /home/u695383935/public_html/yp/placeorder.php on line 46
[14-Nov-2017 19:09:29 UTC] PHP Warning:  mysql_real_escape_string(): Can't connect to local MySQL server through socket '/var/lib/mysql/mysql.sock' (2 &quot;No such file or directory&quot;) in /home/u695383935/public_html/yp/placeorder.php on line 46
[14-Nov-2017 19:09:29 UTC] PHP Warning:  mysql_real_escape_string(): A link to the server could not be established in /home/u695383935/public_html/yp/placeorder.php on line 46
[14-Nov-2017 19:09:29 UTC] PHP Deprecated:  mysql_real_escape_string(): The mysql extension is deprecated and will be removed in the future: use mysqli or PDO instead in /home/u695383935/public_html/yp/placeorder.php on line 46
[14-Nov-2017 19:09:29 UTC] PHP Warning:  mysql_real_escape_string(): Can't connect to local MySQL server through socket '/var/lib/mysql/mysql.sock' (2 &quot;No such file or directory&quot;) in /home/u695383935/public_html/yp/placeorder.php on line 46
[14-Nov-2017 19:09:29 UTC] PHP Warning:  mysql_real_escape_string(): A link to the server could not be established in /home/u695383935/public_html/yp/placeorder.php on line 46
[14-Nov-2017 19:09:29 UTC] PHP Deprecated:  mysql_real_escape_string(): The mysql extension is deprecated and will be removed in the future: use mysqli or PDO instead in /home/u695383935/public_html/yp/placeorder.php on line 46
[14-Nov-2017 19:09:29 UTC] PHP Warning:  mysql_real_escape_string(): Can't connect to local MySQL server through socket '/var/lib/mysql/mysql.sock' (2 &quot;No such file or directory&quot;) in /home/u695383935/public_html/yp/placeorder.php on line 46
[14-Nov-2017 19:09:29 UTC] PHP Warning:  mysql_real_escape_string(): A link to the server could not be established in /home/u695383935/public_html/yp/placeorder.php on line 46
[14-Nov-2017 19:09:29 UTC] PHP Deprecated:  mysql_real_escape_string(): The mysql extension is deprecated and will be removed in the future: use mysqli or PDO instead in /home/u695383935/public_html/yp/placeorder.php on line 46
[14-Nov-2017 19:09:29 UTC] PHP Warning:  mysql_real_escape_string(): Can't connect to local MySQL server through socket '/var/lib/mysql/mysql.sock' (2 &quot;No such file or directory&quot;) in /home/u695383935/public_html/yp/placeorder.php on line 46
[14-Nov-2017 19:09:29 UTC] PHP Warning:  mysql_real_escape_string(): A link to the server could not be established in /home/u695383935/public_html/yp/placeorder.php on line 46
[14-Nov-2017 19:09:30 UTC] PHP Deprecated:  mysql_real_escape_string(): The mysql extension is deprecated and will be removed in the future: use mysqli or PDO instead in /home/u695383935/public_html/yp/placeorder.php on line 46
[14-Nov-2017 19:09:30 UTC] PHP Warning:  mysql_real_escape_string(): Can't connect to local MySQL server through socket '/var/lib/mysql/mysql.sock' (2 &quot;No such file or directory&quot;) in /home/u695383935/public_html/yp/placeorder.php on line 46
[14-Nov-2017 19:09:30 UTC] PHP Warning:  mysql_real_escape_string(): A link to the server could not be established in /home/u695383935/public_html/yp/placeorder.php on line 46
[14-Nov-2017 19:09:30 UTC] PHP Deprecated:  mysql_real_escape_string(): The mysql extension is deprecated and will be removed in the future: use mysqli or PDO instead in /home/u695383935/public_html/yp/placeorder.php on line 46
[14-Nov-2017 19:09:30 UTC] PHP Warning:  mysql_real_escape_string(): Can't connect to local MySQL server through socket '/var/lib/mysql/mysql.sock' (2 &quot;No such file or directory&quot;) in /home/u695383935/public_html/yp/placeorder.php on line 46
[14-Nov-2017 19:09:30 UTC] PHP Warning:  mysql_real_escape_string(): A link to the server could not be established in /home/u695383935/public_html/yp/placeorder.php on line 46
[14-Nov-2017 19:09:30 UTC] PHP Deprecated:  mysql_real_escape_string(): The mysql extension is deprecated and will be removed in the future: use mysqli or PDO instead in /home/u695383935/public_html/yp/placeorder.php on line 46
[14-Nov-2017 19:09:30 UTC] PHP Warning:  mysql_real_escape_string(): Can't connect to local MySQL server through socket '/var/lib/mysql/mysql.sock' (2 &quot;No such file or directory&quot;) in /home/u695383935/public_html/yp/placeorder.php on line 46
[14-Nov-2017 19:09:30 UTC] PHP Warning:  mysql_real_escape_string(): A link to the server could not be established in /home/u695383935/public_html/yp/placeorder.php on line 46
[14-Nov-2017 19:09:30 UTC] PHP Deprecated:  mysql_real_escape_string(): The mysql extension is deprecated and will be removed in the future: use mysqli or PDO instead in /home/u695383935/public_html/yp/placeorder.php on line 46
[14-Nov-2017 19:09:30 UTC] PHP Warning:  mysql_real_escape_string(): Can't connect to local MySQL server through socket '/var/lib/mysql/mysql.sock' (2 &quot;No such file or directory&quot;) in /home/u695383935/public_html/yp/placeorder.php on line 46
[14-Nov-2017 19:09:30 UTC] PHP Warning:  mysql_real_escape_string(): A link to the server could not be established in /home/u695383935/public_html/yp/placeorder.php on line 46
[14-Nov-2017 19:09:34 UTC] PHP Deprecated:  mysql_real_escape_string(): The mysql extension is deprecated and will be removed in the future: use mysqli or PDO instead in /home/u695383935/public_html/yp/placeorder.php on line 46
[14-Nov-2017 19:09:34 UTC] PHP Warning:  mysql_real_escape_string(): Can't connect to local MySQL server through socket '/var/lib/mysql/mysql.sock' (2 &quot;No such file or directory&quot;) in /home/u695383935/public_html/yp/placeorder.php on line 46
[14-Nov-2017 19:09:34 UTC] PHP Warning:  mysql_real_escape_string(): A link to the server could not be established in /home/u695383935/public_html/yp/placeorder.php on line 46
[14-Nov-2017 19:09:34 UTC] PHP Deprecated:  mysql_real_escape_string(): The mysql extension is deprecated and will be removed in the future: use mysqli or PDO instead in /home/u695383935/public_html/yp/placeorder.php on line 46
[14-Nov-2017 19:09:34 UTC] PHP Warning:  mysql_real_escape_string(): Can't connect to local MySQL server through socket '/var/lib/mysql/mysql.sock' (2 &quot;No such file or directory&quot;) in /home/u695383935/public_html/yp/placeorder.php on line 46
[14-Nov-2017 19:09:34 UTC] PHP Warning:  mysql_real_escape_string(): A link to the server could not be established in /home/u695383935/public_html/yp/placeorder.php on line 46
[14-Nov-2017 19:09:34 UTC] PHP Deprecated:  mysql_real_escape_string(): The mysql extension is deprecated and will be removed in the future: use mysqli or PDO instead in /home/u695383935/public_html/yp/placeorder.php on line 46
[14-Nov-2017 19:09:34 UTC] PHP Warning:  mysql_real_escape_string(): Can't connect to local MySQL server through socket '/var/lib/mysql/mysql.sock' (2 &quot;No such file or directory&quot;) in /home/u695383935/public_html/yp/placeorder.php on line 46
[14-Nov-2017 19:09:34 UTC] PHP Warning:  mysql_real_escape_string(): A link to the server could not be established in /home/u695383935/public_html/yp/placeorder.php on line 46
[14-Nov-2017 19:09:34 UTC] PHP Deprecated:  mysql_real_escape_string(): The mysql extension is deprecated and will be removed in the future: use mysqli or PDO instead in /home/u695383935/public_html/yp/placeorder.php on line 46
[14-Nov-2017 19:09:34 UTC] PHP Warning:  mysql_real_escape_string(): Can't connect to local MySQL server through socket '/var/lib/mysql/mysql.sock' (2 &quot;No such file or directory&quot;) in /home/u695383935/public_html/yp/placeorder.php on line 46
[14-Nov-2017 19:09:34 UTC] PHP Warning:  mysql_real_escape_string(): A link to the server could not be established in /home/u695383935/public_html/yp/placeorder.php on line 46
[14-Nov-2017 19:09:35 UTC] PHP Deprecated:  mysql_real_escape_string(): The mysql extension is deprecated and will be removed in the future: use mysqli or PDO instead in /home/u695383935/public_html/yp/placeorder.php on line 46
[14-Nov-2017 19:09:35 UTC] PHP Warning:  mysql_real_escape_string(): Can't connect to local MySQL server through socket '/var/lib/mysql/mysql.sock' (2 &quot;No such file or directory&quot;) in /home/u695383935/public_html/yp/placeorder.php on line 46
[14-Nov-2017 19:09:35 UTC] PHP Warning:  mysql_real_escape_string(): A link to the server could not be established in /home/u695383935/public_html/yp/placeorder.php on line 46
[14-Nov-2017 19:09:35 UTC] PHP Deprecated:  mysql_real_escape_string(): The mysql extension is deprecated and will be removed in the future: use mysqli or PDO instead in /home/u695383935/public_html/yp/placeorder.php on line 46
[14-Nov-2017 19:09:35 UTC] PHP Warning:  mysql_real_escape_string(): Can't connect to local MySQL server through socket '/var/lib/mysql/mysql.sock' (2 &quot;No such file or directory&quot;) in /home/u695383935/public_html/yp/placeorder.php on line 46
[14-Nov-2017 19:09:35 UTC] PHP Warning:  mysql_real_escape_string(): A link to the server could not be established in /home/u695383935/public_html/yp/placeorder.php on line 46
[14-Nov-2017 19:09:35 UTC] PHP Deprecated:  mysql_real_escape_string(): The mysql extension is deprecated and will be removed in the future: use mysqli or PDO instead in /home/u695383935/public_html/yp/placeorder.php on line 46
[14-Nov-2017 19:09:35 UTC] PHP Warning:  mysql_real_escape_string(): Can't connect to local MySQL server through socket '/var/lib/mysql/mysql.sock' (2 &quot;No such file or directory&quot;) in /home/u695383935/public_html/yp/placeorder.php on line 46
[14-Nov-2017 19:09:35 UTC] PHP Warning:  mysql_real_escape_string(): A link to the server could not be established in /home/u695383935/public_html/yp/placeorder.php on line 46
[14-Nov-2017 19:09:35 UTC] PHP Deprecated:  mysql_real_escape_string(): The mysql extension is deprecated and will be removed in the future: use mysqli or PDO instead in /home/u695383935/public_html/yp/placeorder.php on line 46
[14-Nov-2017 19:09:35 UTC] PHP Warning:  mysql_real_escape_string(): Can't connect to local MySQL server through socket '/var/lib/mysql/mysql.sock' (2 &quot;No such file or directory&quot;) in /home/u695383935/public_html/yp/placeorder.php on line 46
[14-Nov-2017 19:09:35 UTC] PHP Warning:  mysql_real_escape_string(): A link to the server could not be established in /home/u695383935/public_html/yp/placeorder.php on line 46
[14-Nov-2017 19:09:41 UTC] PHP Deprecated:  mysql_real_escape_string(): The mysql extension is deprecated and will be removed in the future: use mysqli or PDO instead in /home/u695383935/public_html/yp/placeorder.php on line 46
[14-Nov-2017 19:09:41 UTC] PHP Warning:  mysql_real_escape_string(): Can't connect to local MySQL server through socket '/var/lib/mysql/mysql.sock' (2 &quot;No such file or directory&quot;) in /home/u695383935/public_html/yp/placeorder.php on line 46
[14-Nov-2017 19:09:41 UTC] PHP Warning:  mysql_real_escape_string(): A link to the server could not be established in /home/u695383935/public_html/yp/placeorder.php on line 46
[14-Nov-2017 19:09:41 UTC] PHP Deprecated:  mysql_real_escape_string(): The mysql extension is deprecated and will be removed in the future: use mysqli or PDO instead in /home/u695383935/public_html/yp/placeorder.php on line 46
[14-Nov-2017 19:09:41 UTC] PHP Warning:  mysql_real_escape_string(): Can't connect to local MySQL server through socket '/var/lib/mysql/mysql.sock' (2 &quot;No such file or directory&quot;) in /home/u695383935/public_html/yp/placeorder.php on line 46
[14-Nov-2017 19:09:41 UTC] PHP Warning:  mysql_real_escape_string(): A link to the server could not be established in /home/u695383935/public_html/yp/placeorder.php on line 46
[14-Nov-2017 19:09:41 UTC] PHP Deprecated:  mysql_real_escape_string(): The mysql extension is deprecated and will be removed in the future: use mysqli or PDO instead in /home/u695383935/public_html/yp/placeorder.php on line 46
[14-Nov-2017 19:09:41 UTC] PHP Warning:  mysql_real_escape_string(): Can't connect to local MySQL server through socket '/var/lib/mysql/mysql.sock' (2 &quot;No such file or directory&quot;) in /home/u695383935/public_html/yp/placeorder.php on line 46
[14-Nov-2017 19:09:41 UTC] PHP Warning:  mysql_real_escape_string(): A link to the server could not be established in /home/u695383935/public_html/yp/placeorder.php on line 46
[14-Nov-2017 19:09:41 UTC] PHP Deprecated:  mysql_real_escape_string(): The mysql extension is deprecated and will be removed in the future: use mysqli or PDO instead in /home/u695383935/public_html/yp/placeorder.php on line 46
[14-Nov-2017 19:09:41 UTC] PHP Warning:  mysql_real_escape_string(): Can't connect to local MySQL server through socket '/var/lib/mysql/mysql.sock' (2 &quot;No such file or directory&quot;) in /home/u695383935/public_html/yp/placeorder.php on line 46
[14-Nov-2017 19:09:41 UTC] PHP Warning:  mysql_real_escape_string(): A link to the server could not be established in /home/u695383935/public_html/yp/placeorder.php on line 46
[14-Nov-2017 19:09:43 UTC] PHP Deprecated:  mysql_real_escape_string(): The mysql extension is deprecated and will be removed in the future: use mysqli or PDO instead in /home/u695383935/public_html/yp/placeorder.php on line 46
[14-Nov-2017 19:09:43 UTC] PHP Warning:  mysql_real_escape_string(): Can't connect to local MySQL server through socket '/var/lib/mysql/mysql.sock' (2 &quot;No such file or directory&quot;) in /home/u695383935/public_html/yp/placeorder.php on line 46
[14-Nov-2017 19:09:43 UTC] PHP Warning:  mysql_real_escape_string(): A link to the server could not be established in /home/u695383935/public_html/yp/placeorder.php on line 46
[14-Nov-2017 19:09:43 UTC] PHP Deprecated:  mysql_real_escape_string(): The mysql extension is deprecated and will be removed in the future: use mysqli or PDO instead in /home/u695383935/public_html/yp/placeorder.php on line 46
[14-Nov-2017 19:09:43 UTC] PHP Warning:  mysql_real_escape_string(): Can't connect to local MySQL server through socket '/var/lib/mysql/mysql.sock' (2 &quot;No such file or directory&quot;) in /home/u695383935/public_html/yp/placeorder.php on line 46
[14-Nov-2017 19:09:43 UTC] PHP Warning:  mysql_real_escape_string(): A link to the server could not be established in /home/u695383935/public_html/yp/placeorder.php on line 46
[14-Nov-2017 19:09:43 UTC] PHP Deprecated:  mysql_real_escape_string(): The mysql extension is deprecated and will be removed in the future: use mysqli or PDO instead in /home/u695383935/public_html/yp/placeorder.php on line 46
[14-Nov-2017 19:09:43 UTC] PHP Warning:  mysql_real_escape_string(): Can't connect to local MySQL server through socket '/var/lib/mysql/mysql.sock' (2 &quot;No such file or directory&quot;) in /home/u695383935/public_html/yp/placeorder.php on line 46
[14-Nov-2017 19:09:43 UTC] PHP Warning:  mysql_real_escape_string(): A link to the server could not be established in /home/u695383935/public_html/yp/placeorder.php on line 46
[14-Nov-2017 19:09:43 UTC] PHP Deprecated:  mysql_real_escape_string(): The mysql extension is deprecated and will be removed in the future: use mysqli or PDO instead in /home/u695383935/public_html/yp/placeorder.php on line 46
[14-Nov-2017 19:09:43 UTC] PHP Warning:  mysql_real_escape_string(): Can't connect to local MySQL server through socket '/var/lib/mysql/mysql.sock' (2 &quot;No such file or directory&quot;) in /home/u695383935/public_html/yp/placeorder.php on line 46
[14-Nov-2017 19:09:43 UTC] PHP Warning:  mysql_real_escape_string(): A link to the server could not be established in /home/u695383935/public_html/yp/placeorder.php on line 46
[14-Nov-2017 19:09:44 UTC] PHP Deprecated:  mysql_real_escape_string(): The mysql extension is deprecated and will be removed in the future: use mysqli or PDO instead in /home/u695383935/public_html/yp/placeorder.php on line 46
[14-Nov-2017 19:09:44 UTC] PHP Warning:  mysql_real_escape_string(): Can't connect to local MySQL server through socket '/var/lib/mysql/mysql.sock' (2 &quot;No such file or directory&quot;) in /home/u695383935/public_html/yp/placeorder.php on line 46
[14-Nov-2017 19:09:44 UTC] PHP Warning:  mysql_real_escape_string(): A link to the server could not be established in /home/u695383935/public_html/yp/placeorder.php on line 46
[14-Nov-2017 19:09:44 UTC] PHP Deprecated:  mysql_real_escape_string(): The mysql extension is deprecated and will be removed in the future: use mysqli or PDO instead in /home/u695383935/public_html/yp/placeorder.php on line 46
[14-Nov-2017 19:09:44 UTC] PHP Warning:  mysql_real_escape_string(): Can't connect to local MySQL server through socket '/var/lib/mysql/mysql.sock' (2 &quot;No such file or directory&quot;) in /home/u695383935/public_html/yp/placeorder.php on line 46
[14-Nov-2017 19:09:44 UTC] PHP Warning:  mysql_real_escape_string(): A link to the server could not be established in /home/u695383935/public_html/yp/placeorder.php on line 46
[14-Nov-2017 19:09:44 UTC] PHP Deprecated:  mysql_real_escape_string(): The mysql extension is deprecated and will be removed in the future: use mysqli or PDO instead in /home/u695383935/public_html/yp/placeorder.php on line 46
[14-Nov-2017 19:09:44 UTC] PHP Warning:  mysql_real_escape_string(): Can't connect to local MySQL server through socket '/var/lib/mysql/mysql.sock' (2 &quot;No such file or directory&quot;) in /home/u695383935/public_html/yp/placeorder.php on line 46
[14-Nov-2017 19:09:44 UTC] PHP Warning:  mysql_real_escape_string(): A link to the server could not be established in /home/u695383935/public_html/yp/placeorder.php on line 46
[14-Nov-2017 19:09:44 UTC] PHP Deprecated:  mysql_real_escape_string(): The mysql extension is deprecated and will be removed in the future: use mysqli or PDO instead in /home/u695383935/public_html/yp/placeorder.php on line 46
[14-Nov-2017 19:09:44 UTC] PHP Warning:  mysql_real_escape_string(): Can't connect to local MySQL server through socket '/var/lib/mysql/mysql.sock' (2 &quot;No such file or directory&quot;) in /home/u695383935/public_html/yp/placeorder.php on line 46
[14-Nov-2017 19:09:44 UTC] PHP Warning:  mysql_real_escape_string(): A link to the server could not be established in /home/u695383935/public_html/yp/placeorder.php on line 46
[14-Nov-2017 19:09:45 UTC] PHP Deprecated:  mysql_real_escape_string(): The mysql extension is deprecated and will be removed in the future: use mysqli or PDO instead in /home/u695383935/public_html/yp/placeorder.php on line 46
[14-Nov-2017 19:09:45 UTC] PHP Warning:  mysql_real_escape_string(): Can't connect to local MySQL server through socket '/var/lib/mysql/mysql.sock' (2 &quot;No such file or directory&quot;) in /home/u695383935/public_html/yp/placeorder.php on line 46
[14-Nov-2017 19:09:45 UTC] PHP Warning:  mysql_real_escape_string(): A link to the server could not be established in /home/u695383935/public_html/yp/placeorder.php on line 46
[14-Nov-2017 19:09:45 UTC] PHP Deprecated:  mysql_real_escape_string(): The mysql extension is deprecated and will be removed in the future: use mysqli or PDO instead in /home/u695383935/public_html/yp/placeorder.php on line 46
[14-Nov-2017 19:09:45 UTC] PHP Warning:  mysql_real_escape_string(): Can't connect to local MySQL server through socket '/var/lib/mysql/mysql.sock' (2 &quot;No such file or directory&quot;) in /home/u695383935/public_html/yp/placeorder.php on line 46
[14-Nov-2017 19:09:45 UTC] PHP Warning:  mysql_real_escape_string(): A link to the server could not be established in /home/u695383935/public_html/yp/placeorder.php on line 46
[14-Nov-2017 19:09:45 UTC] PHP Deprecated:  mysql_real_escape_string(): The mysql extension is deprecated and will be removed in the future: use mysqli or PDO instead in /home/u695383935/public_html/yp/placeorder.php on line 46
[14-Nov-2017 19:09:45 UTC] PHP Warning:  mysql_real_escape_string(): Can't connect to local MySQL server through socket '/var/lib/mysql/mysql.sock' (2 &quot;No such file or directory&quot;) in /home/u695383935/public_html/yp/placeorder.php on line 46
[14-Nov-2017 19:09:45 UTC] PHP Warning:  mysql_real_escape_string(): A link to the server could not be established in /home/u695383935/public_html/yp/placeorder.php on line 46
[14-Nov-2017 19:09:45 UTC] PHP Deprecated:  mysql_real_escape_string(): The mysql extension is deprecated and will be removed in the future: use mysqli or PDO instead in /home/u695383935/public_html/yp/placeorder.php on line 46
[14-Nov-2017 19:09:45 UTC] PHP Warning:  mysql_real_escape_string(): Can't connect to local MySQL server through socket '/var/lib/mysql/mysql.sock' (2 &quot;No such file or directory&quot;) in /home/u695383935/public_html/yp/placeorder.php on line 46
[14-Nov-2017 19:09:45 UTC] PHP Warning:  mysql_real_escape_string(): A link to the server could not be established in /home/u695383935/public_html/yp/placeorder.php on line 46
[14-Nov-2017 19:09:52 UTC] PHP Deprecated:  mysql_real_escape_string(): The mysql extension is deprecated and will be removed in the future: use mysqli or PDO instead in /home/u695383935/public_html/yp/placeorder.php on line 46
[14-Nov-2017 19:09:52 UTC] PHP Warning:  mysql_real_escape_string(): Can't connect to local MySQL server through socket '/var/lib/mysql/mysql.sock' (2 &quot;No such file or directory&quot;) in /home/u695383935/public_html/yp/placeorder.php on line 46
[14-Nov-2017 19:09:52 UTC] PHP Warning:  mysql_real_escape_string(): A link to the server could not be established in /home/u695383935/public_html/yp/placeorder.php on line 46
[14-Nov-2017 19:09:52 UTC] PHP Deprecated:  mysql_real_escape_string(): The mysql extension is deprecated and will be removed in the future: use mysqli or PDO instead in /home/u695383935/public_html/yp/placeorder.php on line 46
[14-Nov-2017 19:09:52 UTC] PHP Warning:  mysql_real_escape_string(): Can't connect to local MySQL server through socket '/var/lib/mysql/mysql.sock' (2 &quot;No such file or directory&quot;) in /home/u695383935/public_html/yp/placeorder.php on line 46
[14-Nov-2017 19:09:52 UTC] PHP Warning:  mysql_real_escape_string(): A link to the server could not be established in /home/u695383935/public_html/yp/placeorder.php on line 46
[14-Nov-2017 19:09:52 UTC] PHP Deprecated:  mysql_real_escape_string(): The mysql extension is deprecated and will be removed in the future: use mysqli or PDO instead in /home/u695383935/public_html/yp/placeorder.php on line 46
[14-Nov-2017 19:09:52 UTC] PHP Warning:  mysql_real_escape_string(): Can't connect to local MySQL server through socket '/var/lib/mysql/mysql.sock' (2 &quot;No such file or directory&quot;) in /home/u695383935/public_html/yp/placeorder.php on line 46
[14-Nov-2017 19:09:52 UTC] PHP Warning:  mysql_real_escape_string(): A link to the server could not be established in /home/u695383935/public_html/yp/placeorder.php on line 46
[14-Nov-2017 19:09:52 UTC] PHP Deprecated:  mysql_real_escape_string(): The mysql extension is deprecated and will be removed in the future: use mysqli or PDO instead in /home/u695383935/public_html/yp/placeorder.php on line 46
[14-Nov-2017 19:09:52 UTC] PHP Warning:  mysql_real_escape_string(): Can't connect to local MySQL server through socket '/var/lib/mysql/mysql.sock' (2 &quot;No such file or directory&quot;) in /home/u695383935/public_html/yp/placeorder.php on line 46
[14-Nov-2017 19:09:52 UTC] PHP Warning:  mysql_real_escape_string(): A link to the server could not be established in /home/u695383935/public_html/yp/placeorder.php on line 46
[14-Nov-2017 19:09:55 UTC] PHP Deprecated:  mysql_real_escape_string(): The mysql extension is deprecated and will be removed in the future: use mysqli or PDO instead in /home/u695383935/public_html/yp/placeorder.php on line 46
[14-Nov-2017 19:09:55 UTC] PHP Warning:  mysql_real_escape_string(): Can't connect to local MySQL server through socket '/var/lib/mysql/mysql.sock' (2 &quot;No such file or directory&quot;) in /home/u695383935/public_html/yp/placeorder.php on line 46
[14-Nov-2017 19:09:55 UTC] PHP Warning:  mysql_real_escape_string(): A link to the server could not be established in /home/u695383935/public_html/yp/placeorder.php on line 46
[14-Nov-2017 19:09:55 UTC] PHP Deprecated:  mysql_real_escape_string(): The mysql extension is deprecated and will be removed in the future: use mysqli or PDO instead in /home/u695383935/public_html/yp/placeorder.php on line 46
[14-Nov-2017 19:09:55 UTC] PHP Warning:  mysql_real_escape_string(): Can't connect to local MySQL server through socket '/var/lib/mysql/mysql.sock' (2 &quot;No such file or directory&quot;) in /home/u695383935/public_html/yp/placeorder.php on line 46
[14-Nov-2017 19:09:55 UTC] PHP Warning:  mysql_real_escape_string(): A link to the server could not be established in /home/u695383935/public_html/yp/placeorder.php on line 46
[14-Nov-2017 19:09:55 UTC] PHP Deprecated:  mysql_real_escape_string(): The mysql extension is deprecated and will be removed in the future: use mysqli or PDO instead in /home/u695383935/public_html/yp/placeorder.php on line 46
[14-Nov-2017 19:09:55 UTC] PHP Warning:  mysql_real_escape_string(): Can't connect to local MySQL server through socket '/var/lib/mysql/mysql.sock' (2 &quot;No such file or directory&quot;) in /home/u695383935/public_html/yp/placeorder.php on line 46
[14-Nov-2017 19:09:55 UTC] PHP Warning:  mysql_real_escape_string(): A link to the server could not be established in /home/u695383935/public_html/yp/placeorder.php on line 46
[14-Nov-2017 19:09:55 UTC] PHP Deprecated:  mysql_real_escape_string(): The mysql extension is deprecated and will be removed in the future: use mysqli or PDO instead in /home/u695383935/public_html/yp/placeorder.php on line 46
[14-Nov-2017 19:09:55 UTC] PHP Warning:  mysql_real_escape_string(): Can't connect to local MySQL server through socket '/var/lib/mysql/mysql.sock' (2 &quot;No such file or directory&quot;) in /home/u695383935/public_html/yp/placeorder.php on line 46
[14-Nov-2017 19:09:55 UTC] PHP Warning:  mysql_real_escape_string(): A link to the server could not be established in /home/u695383935/public_html/yp/placeorder.php on line 46
[14-Nov-2017 19:10:58 UTC] PHP Deprecated:  mysql_real_escape_string(): The mysql extension is deprecated and will be removed in the future: use mysqli or PDO instead in /home/u695383935/public_html/yp/placeorder.php on line 46
[14-Nov-2017 19:10:58 UTC] PHP Warning:  mysql_real_escape_string(): Can't connect to local MySQL server through socket '/var/lib/mysql/mysql.sock' (2 &quot;No such file or directory&quot;) in /home/u695383935/public_html/yp/placeorder.php on line 46
[14-Nov-2017 19:10:58 UTC] PHP Warning:  mysql_real_escape_string(): A link to the server could not be established in /home/u695383935/public_html/yp/placeorder.php on line 46
[14-Nov-2017 19:10:58 UTC] PHP Deprecated:  mysql_real_escape_string(): The mysql extension is deprecated and will be removed in the future: use mysqli or PDO instead in /home/u695383935/public_html/yp/placeorder.php on line 46
[14-Nov-2017 19:10:58 UTC] PHP Warning:  mysql_real_escape_string(): Can't connect to local MySQL server through socket '/var/lib/mysql/mysql.sock' (2 &quot;No such file or directory&quot;) in /home/u695383935/public_html/yp/placeorder.php on line 46
[14-Nov-2017 19:10:58 UTC] PHP Warning:  mysql_real_escape_string(): A link to the server could not be established in /home/u695383935/public_html/yp/placeorder.php on line 46
[14-Nov-2017 19:10:58 UTC] PHP Deprecated:  mysql_real_escape_string(): The mysql extension is deprecated and will be removed in the future: use mysqli or PDO instead in /home/u695383935/public_html/yp/placeorder.php on line 46
[14-Nov-2017 19:10:58 UTC] PHP Warning:  mysql_real_escape_string(): Can't connect to local MySQL server through socket '/var/lib/mysql/mysql.sock' (2 &quot;No such file or directory&quot;) in /home/u695383935/public_html/yp/placeorder.php on line 46
[14-Nov-2017 19:10:58 UTC] PHP Warning:  mysql_real_escape_string(): A link to the server could not be established in /home/u695383935/public_html/yp/placeorder.php on line 46
[14-Nov-2017 19:10:58 UTC] PHP Deprecated:  mysql_real_escape_string(): The mysql extension is deprecated and will be removed in the future: use mysqli or PDO instead in /home/u695383935/public_html/yp/placeorder.php on line 46
[14-Nov-2017 19:10:58 UTC] PHP Warning:  mysql_real_escape_string(): Can't connect to local MySQL server through socket '/var/lib/mysql/mysql.sock' (2 &quot;No such file or directory&quot;) in /home/u695383935/public_html/yp/placeorder.php on line 46
[14-Nov-2017 19:10:58 UTC] PHP Warning:  mysql_real_escape_string(): A link to the server could not be established in /home/u695383935/public_html/yp/placeorder.php on line 46
[14-Nov-2017 19:11:00 UTC] PHP Deprecated:  mysql_real_escape_string(): The mysql extension is deprecated and will be removed in the future: use mysqli or PDO instead in /home/u695383935/public_html/yp/placeorder.php on line 46
[14-Nov-2017 19:11:00 UTC] PHP Warning:  mysql_real_escape_string(): Can't connect to local MySQL server through socket '/var/lib/mysql/mysql.sock' (2 &quot;No such file or directory&quot;) in /home/u695383935/public_html/yp/placeorder.php on line 46
[14-Nov-2017 19:11:00 UTC] PHP Warning:  mysql_real_escape_string(): A link to the server could not be established in /home/u695383935/public_html/yp/placeorder.php on line 46
[14-Nov-2017 19:11:00 UTC] PHP Deprecated:  mysql_real_escape_string(): The mysql extension is deprecated and will be removed in the future: use mysqli or PDO instead in /home/u695383935/public_html/yp/placeorder.php on line 46
[14-Nov-2017 19:11:00 UTC] PHP Warning:  mysql_real_escape_string(): Can't connect to local MySQL server through socket '/var/lib/mysql/mysql.sock' (2 &quot;No such file or directory&quot;) in /home/u695383935/public_html/yp/placeorder.php on line 46
[14-Nov-2017 19:11:00 UTC] PHP Warning:  mysql_real_escape_string(): A link to the server could not be established in /home/u695383935/public_html/yp/placeorder.php on line 46
[14-Nov-2017 19:11:00 UTC] PHP Deprecated:  mysql_real_escape_string(): The mysql extension is deprecated and will be removed in the future: use mysqli or PDO instead in /home/u695383935/public_html/yp/placeorder.php on line 46
[14-Nov-2017 19:11:00 UTC] PHP Warning:  mysql_real_escape_string(): Can't connect to local MySQL server through socket '/var/lib/mysql/mysql.sock' (2 &quot;No such file or directory&quot;) in /home/u695383935/public_html/yp/placeorder.php on line 46
[14-Nov-2017 19:11:00 UTC] PHP Warning:  mysql_real_escape_string(): A link to the server could not be established in /home/u695383935/public_html/yp/placeorder.php on line 46
[14-Nov-2017 19:11:00 UTC] PHP Deprecated:  mysql_real_escape_string(): The mysql extension is deprecated and will be removed in the future: use mysqli or PDO instead in /home/u695383935/public_html/yp/placeorder.php on line 46
[14-Nov-2017 19:11:00 UTC] PHP Warning:  mysql_real_escape_string(): Can't connect to local MySQL server through socket '/var/lib/mysql/mysql.sock' (2 &quot;No such file or directory&quot;) in /home/u695383935/public_html/yp/placeorder.php on line 46
[14-Nov-2017 19:11:00 UTC] PHP Warning:  mysql_real_escape_string(): A link to the server could not be established in /home/u695383935/public_html/yp/placeorder.php on line 46
[14-Nov-2017 19:11:40 UTC] PHP Deprecated:  mysql_real_escape_string(): The mysql extension is deprecated and will be removed in the future: use mysqli or PDO instead in /home/u695383935/public_html/yp/placeorder.php on line 46
[14-Nov-2017 19:11:40 UTC] PHP Warning:  mysql_real_escape_string(): Can't connect to local MySQL server through socket '/var/lib/mysql/mysql.sock' (2 &quot;No such file or directory&quot;) in /home/u695383935/public_html/yp/placeorder.php on line 46
[14-Nov-2017 19:11:40 UTC] PHP Warning:  mysql_real_escape_string(): A link to the server could not be established in /home/u695383935/public_html/yp/placeorder.php on line 46
[14-Nov-2017 19:11:51 UTC] PHP Deprecated:  mysql_real_escape_string(): The mysql extension is deprecated and will be removed in the future: use mysqli or PDO instead in /home/u695383935/public_html/yp/placeorder.php on line 46
[14-Nov-2017 19:11:51 UTC] PHP Warning:  mysql_real_escape_string(): Can't connect to local MySQL server through socket '/var/lib/mysql/mysql.sock' (2 &quot;No such file or directory&quot;) in /home/u695383935/public_html/yp/placeorder.php on line 46
[14-Nov-2017 19:11:51 UTC] PHP Warning:  mysql_real_escape_string(): A link to the server could not be established in /home/u695383935/public_html/yp/placeorder.php on line 46
[14-Nov-2017 19:12:08 UTC] PHP Deprecated:  mysql_real_escape_string(): The mysql extension is deprecated and will be removed in the future: use mysqli or PDO instead in /home/u695383935/public_html/yp/placeorder.php on line 46
[14-Nov-2017 19:12:08 UTC] PHP Warning:  mysql_real_escape_string(): Can't connect to local MySQL server through socket '/var/lib/mysql/mysql.sock' (2 &quot;No such file or directory&quot;) in /home/u695383935/public_html/yp/placeorder.php on line 46
[14-Nov-2017 19:12:08 UTC] PHP Warning:  mysql_real_escape_string(): A link to the server could not be established in /home/u695383935/public_html/yp/placeorder.php on line 46
[14-Nov-2017 19:19:10 UTC] PHP Deprecated:  mysql_real_escape_string(): The mysql extension is deprecated and will be removed in the future: use mysqli or PDO instead in /home/u695383935/public_html/yp/placeorder.php on line 46
[14-Nov-2017 19:19:10 UTC] PHP Warning:  mysql_real_escape_string(): Can't connect to local MySQL server through socket '/var/lib/mysql/mysql.sock' (2 &quot;No such file or directory&quot;) in /home/u695383935/public_html/yp/placeorder.php on line 46
[14-Nov-2017 19:19:10 UTC] PHP Warning:  mysql_real_escape_string(): A link to the server could not be established in /home/u695383935/public_html/yp/placeorder.php on line 46
[14-Nov-2017 19:22:22 UTC] PHP Deprecated:  mysql_real_escape_string(): The mysql extension is deprecated and will be removed in the future: use mysqli or PDO instead in /home/u695383935/public_html/yp/placeorder.php on line 46
[14-Nov-2017 19:22:22 UTC] PHP Warning:  mysql_real_escape_string(): Can't connect to local MySQL server through socket '/var/lib/mysql/mysql.sock' (2 &quot;No such file or directory&quot;) in /home/u695383935/public_html/yp/placeorder.php on line 46
[14-Nov-2017 19:22:22 UTC] PHP Warning:  mysql_real_escape_string(): A link to the server could not be established in /home/u695383935/public_html/yp/placeorder.php on line 46
[14-Nov-2017 19:23:43 UTC] PHP Deprecated:  mysql_real_escape_string(): The mysql extension is deprecated and will be removed in the future: use mysqli or PDO instead in /home/u695383935/public_html/yp/placeorder.php on line 46
[14-Nov-2017 19:23:43 UTC] PHP Warning:  mysql_real_escape_string(): Can't connect to local MySQL server through socket '/var/lib/mysql/mysql.sock' (2 &quot;No such file or directory&quot;) in /home/u695383935/public_html/yp/placeorder.php on line 46
[14-Nov-2017 19:23:43 UTC] PHP Warning:  mysql_real_escape_string(): A link to the server could not be established in /home/u695383935/public_html/yp/placeorder.php on line 46
[14-Nov-2017 19:23:43 UTC] PHP Deprecated:  mysql_real_escape_string(): The mysql extension is deprecated and will be removed in the future: use mysqli or PDO instead in /home/u695383935/public_html/yp/placeorder.php on line 46
[14-Nov-2017 19:23:43 UTC] PHP Warning:  mysql_real_escape_string(): Can't connect to local MySQL server through socket '/var/lib/mysql/mysql.sock' (2 &quot;No such file or directory&quot;) in /home/u695383935/public_html/yp/placeorder.php on line 46
[14-Nov-2017 19:23:43 UTC] PHP Warning:  mysql_real_escape_string(): A link to the server could not be established in /home/u695383935/public_html/yp/placeorder.php on line 46
[14-Nov-2017 19:23:43 UTC] PHP Deprecated:  mysql_real_escape_string(): The mysql extension is deprecated and will be removed in the future: use mysqli or PDO instead in /home/u695383935/public_html/yp/placeorder.php on line 46
[14-Nov-2017 19:23:43 UTC] PHP Warning:  mysql_real_escape_string(): Can't connect to local MySQL server through socket '/var/lib/mysql/mysql.sock' (2 &quot;No such file or directory&quot;) in /home/u695383935/public_html/yp/placeorder.php on line 46
[14-Nov-2017 19:23:43 UTC] PHP Warning:  mysql_real_escape_string(): A link to the server could not be established in /home/u695383935/public_html/yp/placeorder.php on line 46
[14-Nov-2017 19:23:43 UTC] PHP Deprecated:  mysql_real_escape_string(): The mysql extension is deprecated and will be removed in the future: use mysqli or PDO instead in /home/u695383935/public_html/yp/placeorder.php on line 46
[14-Nov-2017 19:23:43 UTC] PHP Warning:  mysql_real_escape_string(): Can't connect to local MySQL server through socket '/var/lib/mysql/mysql.sock' (2 &quot;No such file or directory&quot;) in /home/u695383935/public_html/yp/placeorder.php on line 46
[14-Nov-2017 19:23:43 UTC] PHP Warning:  mysql_real_escape_string(): A link to the server could not be established in /home/u695383935/public_html/yp/placeorder.php on line 46
[14-Nov-2017 19:24:54 UTC] PHP Warning:  mysqli_real_escape_string() expects exactly 2 parameters, 1 given in /home/u695383935/public_html/yp/placeorder.php on line 46
[06-Dec-2017 09:24:44 UTC] PHP Deprecated:  mysql_real_escape_string(): The mysql extension is deprecated and will be removed in the future: use mysqli or PDO instead in /home/u695383935/public_html/yp/addtocart.php on line 18
[06-Dec-2017 09:24:44 UTC] PHP Warning:  mysql_real_escape_string(): Can't connect to local MySQL server through socket '/var/lib/mysql/mysql.sock' (2 &quot;No such file or directory&quot;) in /home/u695383935/public_html/yp/addtocart.php on line 18
[06-Dec-2017 09:24:44 UTC] PHP Warning:  mysql_real_escape_string(): A link to the server could not be established in /home/u695383935/public_html/yp/addtocart.php on line 18
[06-Dec-2017 09:25:16 UTC] PHP Deprecated:  mysql_real_escape_string(): The mysql extension is deprecated and will be removed in the future: use mysqli or PDO instead in /home/u695383935/public_html/yp/addtocart.php on line 18
[06-Dec-2017 09:25:16 UTC] PHP Warning:  mysql_real_escape_string(): Can't connect to local MySQL server through socket '/var/lib/mysql/mysql.sock' (2 &quot;No such file or directory&quot;) in /home/u695383935/public_html/yp/addtocart.php on line 18
[06-Dec-2017 09:25:16 UTC] PHP Warning:  mysql_real_escape_string(): A link to the server could not be established in /home/u695383935/public_html/yp/addtocart.php on line 18
[06-Dec-2017 09:26:28 UTC] PHP Deprecated:  mysql_real_escape_string(): The mysql extension is deprecated and will be removed in the future: use mysqli or PDO instead in /home/u695383935/public_html/yp/placeorder.php on line 33
[06-Dec-2017 09:26:28 UTC] PHP Warning:  mysql_real_escape_string(): Can't connect to local MySQL server through socket '/var/lib/mysql/mysql.sock' (2 &quot;No such file or directory&quot;) in /home/u695383935/public_html/yp/placeorder.php on line 33
[06-Dec-2017 09:26:28 UTC] PHP Warning:  mysql_real_escape_string(): A link to the server could not be established in /home/u695383935/public_html/yp/placeorder.php on line 33
[06-Dec-2017 09:26:28 UTC] PHP Deprecated:  mysql_real_escape_string(): The mysql extension is deprecated and will be removed in the future: use mysqli or PDO instead in /home/u695383935/public_html/yp/placeorder.php on line 34
[06-Dec-2017 09:26:28 UTC] PHP Warning:  mysql_real_escape_string(): Can't connect to local MySQL server through socket '/var/lib/mysql/mysql.sock' (2 &quot;No such file or directory&quot;) in /home/u695383935/public_html/yp/placeorder.php on line 34
[06-Dec-2017 09:26:28 UTC] PHP Warning:  mysql_real_escape_string(): A link to the server could not be established in /home/u695383935/public_html/yp/placeorder.php on line 34
[06-Dec-2017 09:26:28 UTC] PHP Deprecated:  mysql_real_escape_string(): The mysql extension is deprecated and will be removed in the future: use mysqli or PDO instead in /home/u695383935/public_html/yp/placeorder.php on line 35
[06-Dec-2017 09:26:28 UTC] PHP Warning:  mysql_real_escape_string(): Can't connect to local MySQL server through socket '/var/lib/mysql/mysql.sock' (2 &quot;No such file or directory&quot;) in /home/u695383935/public_html/yp/placeorder.php on line 35
[06-Dec-2017 09:26:28 UTC] PHP Warning:  mysql_real_escape_string(): A link to the server could not be established in /home/u695383935/public_html/yp/placeorder.php on line 35
[06-Dec-2017 09:26:28 UTC] PHP Deprecated:  mysql_real_escape_string(): The mysql extension is deprecated and will be removed in the future: use mysqli or PDO instead in /home/u695383935/public_html/yp/placeorder.php on line 37
[06-Dec-2017 09:26:28 UTC] PHP Warning:  mysql_real_escape_string(): Can't connect to local MySQL server through socket '/var/lib/mysql/mysql.sock' (2 &quot;No such file or directory&quot;) in /home/u695383935/public_html/yp/placeorder.php on line 37
[06-Dec-2017 09:26:28 UTC] PHP Warning:  mysql_real_escape_string(): A link to the server could not be established in /home/u695383935/public_html/yp/placeorder.php on line 37
[06-Dec-2017 09:26:28 UTC] PHP Deprecated:  mysql_real_escape_string(): The mysql extension is deprecated and will be removed in the future: use mysqli or PDO instead in /home/u695383935/public_html/yp/placeorder.php on line 38
[06-Dec-2017 09:26:28 UTC] PHP Warning:  mysql_real_escape_string(): Can't connect to local MySQL server through socket '/var/lib/mysql/mysql.sock' (2 &quot;No such file or directory&quot;) in /home/u695383935/public_html/yp/placeorder.php on line 38
[06-Dec-2017 09:26:28 UTC] PHP Warning:  mysql_real_escape_string(): A link to the server could not be established in /home/u695383935/public_html/yp/placeorder.php on line 38
[06-Dec-2017 09:26:28 UTC] PHP Deprecated:  mysql_real_escape_string(): The mysql extension is deprecated and will be removed in the future: use mysqli or PDO instead in /home/u695383935/public_html/yp/placeorder.php on line 39
[06-Dec-2017 09:26:28 UTC] PHP Warning:  mysql_real_escape_string(): Can't connect to local MySQL server through socket '/var/lib/mysql/mysql.sock' (2 &quot;No such file or directory&quot;) in /home/u695383935/public_html/yp/placeorder.php on line 39
[06-Dec-2017 09:26:28 UTC] PHP Warning:  mysql_real_escape_string(): A link to the server could not be established in /home/u695383935/public_html/yp/placeorder.php on line 39
[06-Dec-2017 09:26:28 UTC] PHP Deprecated:  mysql_real_escape_string(): The mysql extension is deprecated and will be removed in the future: use mysqli or PDO instead in /home/u695383935/public_html/yp/placeorder.php on line 56
[06-Dec-2017 09:26:28 UTC] PHP Warning:  mysql_real_escape_string(): Can't connect to local MySQL server through socket '/var/lib/mysql/mysql.sock' (2 &quot;No such file or directory&quot;) in /home/u695383935/public_html/yp/placeorder.php on line 56
[06-Dec-2017 09:26:28 UTC] PHP Warning:  mysql_real_escape_string(): A link to the server could not be established in /home/u695383935/public_html/yp/placeorder.php on line 56
[06-Dec-2017 09:26:28 UTC] PHP Deprecated:  mysql_real_escape_string(): The mysql extension is deprecated and will be removed in the future: use mysqli or PDO instead in /home/u695383935/public_html/yp/placeorder.php on line 56
[06-Dec-2017 09:26:28 UTC] PHP Warning:  mysql_real_escape_string(): Can't connect to local MySQL server through socket '/var/lib/mysql/mysql.sock' (2 &quot;No such file or directory&quot;) in /home/u695383935/public_html/yp/placeorder.php on line 56
[06-Dec-2017 09:26:28 UTC] PHP Warning:  mysql_real_escape_string(): A link to the server could not be established in /home/u695383935/public_html/yp/placeorder.php on line 56
[06-Dec-2017 09:27:33 UTC] PHP Deprecated:  mysql_real_escape_string(): The mysql extension is deprecated and will be removed in the future: use mysqli or PDO instead in /home/u695383935/public_html/yp/addtocart.php on line 18
[06-Dec-2017 09:27:33 UTC] PHP Warning:  mysql_real_escape_string(): Can't connect to local MySQL server through socket '/var/lib/mysql/mysql.sock' (2 &quot;No such file or directory&quot;) in /home/u695383935/public_html/yp/addtocart.php on line 18
[06-Dec-2017 09:27:33 UTC] PHP Warning:  mysql_real_escape_string(): A link to the server could not be established in /home/u695383935/public_html/yp/addtocart.php on line 18
[06-Dec-2017 09:28:39 UTC] PHP Deprecated:  mysql_real_escape_string(): The mysql extension is deprecated and will be removed in the future: use mysqli or PDO instead in /home/u695383935/public_html/yp/addtocart.php on line 18
[06-Dec-2017 09:28:39 UTC] PHP Warning:  mysql_real_escape_string(): Can't connect to local MySQL server through socket '/var/lib/mysql/mysql.sock' (2 &quot;No such file or directory&quot;) in /home/u695383935/public_html/yp/addtocart.php on line 18
[06-Dec-2017 09:28:39 UTC] PHP Warning:  mysql_real_escape_string(): A link to the server could not be established in /home/u695383935/public_html/yp/addtocart.php on line 18
[06-Dec-2017 09:39:10 UTC] PHP Deprecated:  mysql_real_escape_string(): The mysql extension is deprecated and will be removed in the future: use mysqli or PDO instead in /home/u695383935/public_html/yp/addtocart.php on line 18
[06-Dec-2017 09:39:10 UTC] PHP Warning:  mysql_real_escape_string(): Can't connect to local MySQL server through socket '/var/lib/mysql/mysql.sock' (2 &quot;No such file or directory&quot;) in /home/u695383935/public_html/yp/addtocart.php on line 18
[06-Dec-2017 09:39:10 UTC] PHP Warning:  mysql_real_escape_string(): A link to the server could not be established in /home/u695383935/public_html/yp/addtocart.php on line 18
[06-Dec-2017 09:40:27 UTC] PHP Warning:  mysqli_real_escape_string() expects exactly 2 parameters, 1 given in /home/u695383935/public_html/yp/addtocart.php on line 18
[22-Dec-2017 18:12:38 UTC] PHP Deprecated:  mysql_real_escape_string(): The mysql extension is deprecated and will be removed in the future: use mysqli or PDO instead in /home/u695383935/public_html/yp/addtocart.php on line 20
[22-Dec-2017 18:12:38 UTC] PHP Warning:  mysql_real_escape_string(): Can't connect to local MySQL server through socket '/var/lib/mysql/mysql.sock' (2 &quot;No such file or directory&quot;) in /home/u695383935/public_html/yp/addtocart.php on line 20
[22-Dec-2017 18:12:38 UTC] PHP Warning:  mysql_real_escape_string(): A link to the server could not be established in /home/u695383935/public_html/yp/addtocart.php on line 20
[22-Dec-2017 18:12:53 UTC] PHP Deprecated:  mysql_real_escape_string(): The mysql extension is deprecated and will be removed in the future: use mysqli or PDO instead in /home/u695383935/public_html/yp/addtocart.php on line 20
[22-Dec-2017 18:12:53 UTC] PHP Warning:  mysql_real_escape_string(): Can't connect to local MySQL server through socket '/var/lib/mysql/mysql.sock' (2 &quot;No such file or directory&quot;) in /home/u695383935/public_html/yp/addtocart.php on line 20
[22-Dec-2017 18:12:53 UTC] PHP Warning:  mysql_real_escape_string(): A link to the server could not be established in /home/u695383935/public_html/yp/addtocart.php on line 20
[27-Dec-2017 08:32:01 UTC] PHP Warning:  mysqli_connect(): (HY000/2002): Can't connect to local MySQL server through socket '/var/lib/mysql/mysql.sock' (2 &quot;No such file or directory&quot;) in /home/u695383935/public_html/yp/api/admin/init.php on line 7
[27-Dec-2017 08:32:01 UTC] PHP Fatal error:  Call to a member function query() on boolean in /home/u695383935/public_html/yp/api/admin/getunconfirmedorders.php on line 7
